<?xml version="1.0" encoding="UTF-8"?>
<testExecutions version="1">
  <file path="C:\Users\ynedel01\Downloads\Marvel-app\src\api\characters-api.test.js">
    <testCase name="characters-api getCharacters should return the list of characters with default sorting (name, asc)" duration="3"/>
    <testCase name="characters-api getCharacters should sort by name in ascending order" duration="0"/>
    <testCase name="characters-api getCharacters should sort by name in descending order" duration="1"/>
    <testCase name="characters-api getCharacters should sort by modified date in ascending order" duration="0"/>
    <testCase name="characters-api getCharacters should sort by modified date in descending order" duration="0"/>
    <testCase name="characters-api getCharacters should handle invalid sort parameter (defaults to name)" duration="0"/>
    <testCase name="characters-api getCharacters should handle invalid order parameter (defaults to asc)" duration="0"/>
    <testCase name="characters-api getCharacters should handle empty options object" duration="1"/>
    <testCase name="characters-api getCharacters should handle elements without names when sorting by modified" duration="1"/>
    <testCase name="characters-api getCharacterById find by numeric id" duration="0"/>
    <testCase name="characters-api getCharacterById find by id as string" duration="0"/>
    <testCase name="characters-api getCharacterById find string entry" duration="1"/>
    <testCase name="characters-api getCharacterById find by name when id missing" duration="1"/>
    <testCase name="characters-api getCharacterById throws Response with 404 status when not found" duration="2"/>
    <testCase name="edge cases - characters not an array getCharacters returns empty array when characters module is not an array" duration="1"/>
    <testCase name="edge cases - characters not an array getCharacterById returns null when characters module is not an array" duration="1"/>
  </file>
  <file path="C:\Users\ynedel01\Downloads\Marvel-app\src\components\SortControls.test.jsx">
    <testCase name="SortControls component renders sort controls with default values" duration="32"/>
    <testCase name="SortControls component renders with URL parameters" duration="6"/>
    <testCase name="SortControls component renders with partial URL parameters (only sort)" duration="6"/>
    <testCase name="SortControls component renders with partial URL parameters (only order)" duration="3"/>
    <testCase name="SortControls component handles sort change interaction" duration="8"/>
    <testCase name="SortControls component handles order change interaction" duration="6"/>
    <testCase name="SortControls component handles multiple interactions in sequence" duration="6"/>
    <testCase name="SortControls component contains all sort options" duration="3"/>
    <testCase name="SortControls component contains all order options" duration="4"/>
    <testCase name="SortControls component has correct styling structure" duration="23"/>
    <testCase name="SortControls component select elements have correct styling" duration="9"/>
    <testCase name="SortControls component labels have correct styling" duration="4"/>
    <testCase name="SortControls component preserves existing URL parameters when changing sort" duration="3"/>
    <testCase name="SortControls component preserves existing URL parameters when changing order" duration="5"/>
  </file>
  <file path="C:\Users\ynedel01\Downloads\Marvel-app\src\pages\CharactersPage.test.jsx">
    <testCase name="CharactersPage component renders page with correct title and heading when characters are loaded" duration="50"/>
    <testCase name="CharactersPage component renders page with empty state when no characters" duration="32"/>
    <testCase name="CharactersPage component page structure includes all required elements including sort controls" duration="36"/>
    <testCase name="CharactersPage component loader function calls getCharacters API with default parameters" duration="1"/>
    <testCase name="CharactersPage component loader function calls getCharacters API with URL parameters" duration="0"/>
    <testCase name="CharactersPage component loader handles partial URL parameters" duration="0"/>
  </file>
  <file path="C:\Users\ynedel01\Downloads\Marvel-app\src\pages\CharacterDetailPage.test.jsx">
    <testCase name="CharacterDetailPage component renders character detail page with correct title when character exists" duration="29"/>
    <testCase name="CharacterDetailPage component loader function calls API with correct parameters" duration="1"/>
    <testCase name="CharacterDetailPage component loader throws 404 response when character not found" duration="0"/>
    <testCase name="CharacterDetailPage component renders character with minimal data" duration="9"/>
    <testCase name="CharacterDetailPage component handles API error gracefully" duration="9"/>
    <testCase name="CharacterDetailPage component renders page component with document.title assignment" duration="22"/>
  </file>
  <file path="C:\Users\ynedel01\Downloads\Marvel-app\src\components\CharactersList.test.jsx">
    <testCase name="CharactersList component renders empty list when characters array is empty" duration="5"/>
    <testCase name="CharactersList component renders empty list when characters is not provided" duration="3"/>
    <testCase name="CharactersList component displays all characters correctly when characters array is provided" duration="10"/>
    <testCase name="CharactersList component handles characters with different property structures" duration="15"/>
    <testCase name="CharactersList component handles null and undefined characters in array" duration="4"/>
    <testCase name="CharactersList component handles empty objects and objects without displayable properties" duration="4"/>
  </file>
  <file path="C:\Users\ynedel01\Downloads\Marvel-app\src\pages\CharacterDetail.test.jsx">
    <testCase name="CharacterDetail component displays character information correctly when image exists" duration="7"/>
    <testCase name="CharacterDetail component displays character information correctly when image does not exist" duration="2"/>
    <testCase name="CharacterDetail component displays character information with incomplete thumbnail data" duration="2"/>
    <testCase name="CharacterDetail component displays &quot;No description available.&quot; when description is missing" duration="3"/>
    <testCase name="CharacterDetail component displays &quot;No description available.&quot; when description is null" duration="5"/>
    <testCase name="CharacterDetail component returns null when no character is provided" duration="1"/>
    <testCase name="CharacterDetail component returns null when character is undefined" duration="1"/>
    <testCase name="CharacterDetail component back to characters link works correctly" duration="3"/>
  </file>
  <file path="C:\Users\ynedel01\Downloads\Marvel-app\src\components\NumberOfCharacters.test.jsx">
    <testCase name="NumberOfCharacters component renders &quot;There is no character&quot; when characters array is empty" duration="2"/>
    <testCase name="NumberOfCharacters component renders &quot;There is 1 character&quot; when characters array has one character" duration="1"/>
    <testCase name="NumberOfCharacters component renders &quot;There are 2 characters&quot; when characters array has exactly two characters" duration="1"/>
    <testCase name="NumberOfCharacters component renders plural &quot;There are N characters&quot; when characters array has multiple characters" duration="1"/>
    <testCase name="NumberOfCharacters component handles undefined characters prop (treat as empty)" duration="1"/>
    <testCase name="NumberOfCharacters component handles null characters prop as empty" duration="1"/>
    <testCase name="NumberOfCharacters component handles object characters prop as empty" duration="1"/>
    <testCase name="NumberOfCharacters component handles string characters prop as empty" duration="1"/>
    <testCase name="NumberOfCharacters component handles number characters prop as empty" duration="0"/>
  </file>
  <file path="C:\Users\ynedel01\Downloads\Marvel-app\src\pages\NotFound.test.jsx">
    <testCase name="NotFound component renders 404 page with correct headings and content" duration="10"/>
    <testCase name="NotFound component displays home link correctly" duration="2"/>
    <testCase name="NotFound component has correct styling structure" duration="4"/>
    <testCase name="NotFound component displays complete error message" duration="2"/>
  </file>
  <file path="C:\Users\ynedel01\Downloads\Marvel-app\src\pages\Contact.test.jsx">
    <testCase name="Contact component renders page with correct heading and content" duration="5"/>
    <testCase name="Contact component displays contact information correctly" duration="1"/>
  </file>
  <file path="C:\Users\ynedel01\Downloads\Marvel-app\src\pages\About.test.jsx">
    <testCase name="About component renders page with correct heading and content" duration="5"/>
    <testCase name="About component displays team information correctly" duration="2"/>
  </file>
  <file path="C:\Users\ynedel01\Downloads\Marvel-app\src\pages\Home.test.jsx">
    <testCase name="Home component renders page with correct heading and content" duration="6"/>
    <testCase name="Home component has correct semantic structure" duration="2"/>
  </file>
</testExecutions>